c:\vst dev\simplehpf\vc141.pdb
c:\vst dev\simplehpf\vc141.idb
c:\vst dev\simplehpf\plugin.obj
c:\vst dev\simplehpf\pluginobjects.obj
c:\vst dev\simplehpf\rackafxdll.obj
c:\vst dev\simplehpf\simplehpf.obj
c:\vst dev\simplehpf\simplehpf.pdb
c:\vst dev\simplehpf\simplehpf.res
c:\users\naum\appdata\roaming\rackafx\plugins\simplehpf.lib
c:\users\naum\appdata\roaming\rackafx\plugins\simplehpf.exp
c:\users\naum\appdata\roaming\rackafx\plugins\simplehpf.pdb
c:\users\naum\appdata\roaming\rackafx\plugins\simplehpf.dll
c:\users\naum\appdata\roaming\rackafx\plugins\simplehpf.ilk
c:\vst dev\simplehpf\simplehpf.tlog\cl.command.1.tlog
c:\vst dev\simplehpf\simplehpf.tlog\cl.read.1.tlog
c:\vst dev\simplehpf\simplehpf.tlog\cl.write.1.tlog
c:\vst dev\simplehpf\simplehpf.tlog\link.command.1.tlog
c:\vst dev\simplehpf\simplehpf.tlog\link.read.1.tlog
c:\vst dev\simplehpf\simplehpf.tlog\link.write.1.tlog
c:\vst dev\simplehpf\simplehpf.tlog\rc.command.1.tlog
c:\vst dev\simplehpf\simplehpf.tlog\rc.read.1.tlog
c:\vst dev\simplehpf\simplehpf.tlog\rc.write.1.tlog
c:\vst dev\simplehpf\simplehpf.tlog\simplehpf.write.1u.tlog
